<?xml version="1.0" encoding="UTF-8"?>
<!-- Generated by org.testng.reporters.JUnitReportReporter -->
<testsuite hostname="Manavi-Saini" failures="0" tests="3" name="com.ntrs.runner.CucumberRunnerTest" time="38.736" errors="0" timestamp="2022-07-17T18:43:46 IST" skipped="0">
  <testcase classname="com.ntrs.runner.CucumberRunnerTest" name="runScenario" time="7.908"/>
  <system-out/>
  <testcase classname="com.ntrs.runner.CucumberRunnerTest" name="runScenario" time="10.022"/>
  <system-out/>
  <testcase classname="com.ntrs.runner.CucumberRunnerTest" name="runScenario" time="20.806"/>
  <system-out/>
</testsuite> <!-- com.ntrs.runner.CucumberRunnerTest -->
