<?xml version="1.0" encoding="UTF-8"?>
<!-- Generated by org.testng.reporters.JUnitReportReporter -->
<testsuite hostname="Manavi-Saini" failures="0" tests="2" name="com.ntrs.runner.CucumberRunnerTest2" time="9.394" errors="0" timestamp="2022-07-17T18:43:46 IST" skipped="0">
  <testcase classname="com.ntrs.runner.CucumberRunnerTest2" name="runScenario" time="3.140"/>
  <system-out/>
  <testcase classname="com.ntrs.runner.CucumberRunnerTest2" name="runScenario" time="6.254"/>
  <system-out/>
</testsuite> <!-- com.ntrs.runner.CucumberRunnerTest2 -->
