<?xml version="1.0" encoding="UTF-8"?>
<!-- Generated by org.testng.reporters.JUnitReportReporter -->
<testsuite name="com.qmetry.qaf.automation.step.client.Scenario" tests="4" time="22.860" ignored="0" failures="0" timestamp="30 Jun 2022 12:07:11 GMT" skipped="0" hostname="Manavi-Saini" errors="0">
  <testcase name="Google Navigation test" time="7.954" classname="com.qmetry.qaf.automation.step.client.Scenario"/>
  <testcase name="Ultimate QA Navigation test" time="2.341" classname="com.qmetry.qaf.automation.step.client.Scenario"/>
  <testcase name="Telerik Navigation test" time="9.243" classname="com.qmetry.qaf.automation.step.client.Scenario"/>
  <testcase name="Swag Labs Navigation test" time="3.322" classname="com.qmetry.qaf.automation.step.client.Scenario"/>
</testsuite> <!-- com.qmetry.qaf.automation.step.client.Scenario -->
