<?xml version="1.0" encoding="UTF-8"?>
<!-- Generated by org.testng.reporters.JUnitReportReporter -->
<testsuite name="com.ntrs.runner.CucumberRunnerTest2" tests="2" time="13.842" ignored="0" failures="0" timestamp="14 Jul 2022 16:49:44 GMT" skipped="0" hostname="Manavi-Saini" errors="0">
  <testcase name="runScenario" time="5.452" classname="com.ntrs.runner.CucumberRunnerTest2"/>
  <testcase name="runScenario" time="8.390" classname="com.ntrs.runner.CucumberRunnerTest2"/>
</testsuite> <!-- com.ntrs.runner.CucumberRunnerTest2 -->
