<?xml version="1.0" encoding="UTF-8"?>
<!-- Generated by org.testng.reporters.JUnitReportReporter -->
<testsuite name="com.ntrs.runner.CucumberRunnerTest" tests="3" time="64.414" ignored="0" failures="0" timestamp="14 Jul 2022 16:49:44 GMT" skipped="0" hostname="Manavi-Saini" errors="0">
  <testcase name="runScenario" time="24.136" classname="com.ntrs.runner.CucumberRunnerTest"/>
  <testcase name="runScenario" time="20.109" classname="com.ntrs.runner.CucumberRunnerTest"/>
  <testcase name="runScenario" time="20.169" classname="com.ntrs.runner.CucumberRunnerTest"/>
</testsuite> <!-- com.ntrs.runner.CucumberRunnerTest -->
